<?xml version="1.0" encoding="UTF-8"?>
<testsuite xmlns:xsi="http://www.w3.org/2001/XMLSchema-instance" xsi:noNamespaceSchemaLocation="https://maven.apache.org/surefire/maven-surefire-plugin/xsd/surefire-test-report.xsd" name="apidispatcher.apigateway.platenogroup.com.LocalRouterTest" time="24.834" tests="4" errors="0" skipped="0" failures="0">
  <properties>
    <property name="sun.desktop" value="windows"/>
    <property name="awt.toolkit" value="sun.awt.windows.WToolkit"/>
    <property name="file.encoding.pkg" value="sun.io"/>
    <property name="java.specification.version" value="1.8"/>
    <property name="sun.cpu.isalist" value="amd64"/>
    <property name="sun.jnu.encoding" value="GBK"/>
    <property name="java.class.path" value="D:\eclipse-workspace\apigateway-parent\apidispatcher.apigateway.platenogroup.com\target\test-classes;D:\eclipse-workspace\apigateway-parent\apidispatcher.apigateway.platenogroup.com\target\classes;D:\m2repos\org\springframework\cloud\spring-cloud-starter-gateway\2.1.3.RELEASE\spring-cloud-starter-gateway-2.1.3.RELEASE.jar;D:\m2repos\org\springframework\cloud\spring-cloud-starter\2.1.3.RELEASE\spring-cloud-starter-2.1.3.RELEASE.jar;D:\m2repos\org\springframework\cloud\spring-cloud-context\2.1.3.RELEASE\spring-cloud-context-2.1.3.RELEASE.jar;D:\m2repos\org\springframework\security\spring-security-crypto\5.1.6.RELEASE\spring-security-crypto-5.1.6.RELEASE.jar;D:\m2repos\org\springframework\cloud\spring-cloud-commons\2.1.3.RELEASE\spring-cloud-commons-2.1.3.RELEASE.jar;D:\m2repos\org\springframework\security\spring-security-rsa\1.0.7.RELEASE\spring-security-rsa-1.0.7.RELEASE.jar;D:\m2repos\org\bouncycastle\bcpkix-jdk15on\1.60\bcpkix-jdk15on-1.60.jar;D:\m2repos\org\bouncycastle\bcprov-jdk15on\1.60\bcprov-jdk15on-1.60.jar;D:\m2repos\org\springframework\cloud\spring-cloud-gateway-core\2.1.3.RELEASE\spring-cloud-gateway-core-2.1.3.RELEASE.jar;D:\m2repos\io\projectreactor\addons\reactor-extra\3.2.3.RELEASE\reactor-extra-3.2.3.RELEASE.jar;D:\m2repos\io\projectreactor\reactor-core\3.2.12.RELEASE\reactor-core-3.2.12.RELEASE.jar;D:\m2repos\org\springframework\boot\spring-boot-starter-webflux\2.1.8.RELEASE\spring-boot-starter-webflux-2.1.8.RELEASE.jar;D:\m2repos\org\springframework\boot\spring-boot-starter-json\2.1.8.RELEASE\spring-boot-starter-json-2.1.8.RELEASE.jar;D:\m2repos\com\fasterxml\jackson\datatype\jackson-datatype-jdk8\2.9.9\jackson-datatype-jdk8-2.9.9.jar;D:\m2repos\com\fasterxml\jackson\module\jackson-module-parameter-names\2.9.9\jackson-module-parameter-names-2.9.9.jar;D:\m2repos\org\springframework\boot\spring-boot-starter-reactor-netty\2.1.8.RELEASE\spring-boot-starter-reactor-netty-2.1.8.RELEASE.jar;D:\m2repos\io\projectreactor\netty\reactor-netty\0.8.11.RELEASE\reactor-netty-0.8.11.RELEASE.jar;D:\m2repos\io\netty\netty-codec-http\4.1.39.Final\netty-codec-http-4.1.39.Final.jar;D:\m2repos\io\netty\netty-common\4.1.39.Final\netty-common-4.1.39.Final.jar;D:\m2repos\io\netty\netty-buffer\4.1.39.Final\netty-buffer-4.1.39.Final.jar;D:\m2repos\io\netty\netty-transport\4.1.39.Final\netty-transport-4.1.39.Final.jar;D:\m2repos\io\netty\netty-resolver\4.1.39.Final\netty-resolver-4.1.39.Final.jar;D:\m2repos\io\netty\netty-codec\4.1.39.Final\netty-codec-4.1.39.Final.jar;D:\m2repos\io\netty\netty-codec-http2\4.1.39.Final\netty-codec-http2-4.1.39.Final.jar;D:\m2repos\io\netty\netty-handler\4.1.39.Final\netty-handler-4.1.39.Final.jar;D:\m2repos\io\netty\netty-handler-proxy\4.1.39.Final\netty-handler-proxy-4.1.39.Final.jar;D:\m2repos\io\netty\netty-codec-socks\4.1.39.Final\netty-codec-socks-4.1.39.Final.jar;D:\m2repos\io\netty\netty-transport-native-epoll\4.1.39.Final\netty-transport-native-epoll-4.1.39.Final-linux-x86_64.jar;D:\m2repos\io\netty\netty-transport-native-unix-common\4.1.39.Final\netty-transport-native-unix-common-4.1.39.Final.jar;D:\m2repos\org\glassfish\javax.el\3.0.0\javax.el-3.0.0.jar;D:\m2repos\org\hibernate\validator\hibernate-validator\6.0.17.Final\hibernate-validator-6.0.17.Final.jar;D:\m2repos\javax\validation\validation-api\2.0.1.Final\validation-api-2.0.1.Final.jar;D:\m2repos\org\jboss\logging\jboss-logging\3.3.3.Final\jboss-logging-3.3.3.Final.jar;D:\m2repos\com\fasterxml\classmate\1.4.0\classmate-1.4.0.jar;D:\m2repos\org\springframework\spring-web\5.1.9.RELEASE\spring-web-5.1.9.RELEASE.jar;D:\m2repos\org\springframework\spring-beans\5.1.9.RELEASE\spring-beans-5.1.9.RELEASE.jar;D:\m2repos\org\springframework\spring-webflux\5.1.9.RELEASE\spring-webflux-5.1.9.RELEASE.jar;D:\m2repos\org\synchronoss\cloud\nio-multipart-parser\1.1.0\nio-multipart-parser-1.1.0.jar;D:\m2repos\org\synchronoss\cloud\nio-stream-storage\1.1.3\nio-stream-storage-1.1.3.jar;D:\m2repos\org\springframework\cloud\spring-cloud-starter-netflix-hystrix\2.1.3.RELEASE\spring-cloud-starter-netflix-hystrix-2.1.3.RELEASE.jar;D:\m2repos\org\springframework\cloud\spring-cloud-netflix-hystrix\2.1.3.RELEASE\spring-cloud-netflix-hystrix-2.1.3.RELEASE.jar;D:\m2repos\org\springframework\boot\spring-boot-autoconfigure\2.1.8.RELEASE\spring-boot-autoconfigure-2.1.8.RELEASE.jar;D:\m2repos\org\springframework\boot\spring-boot-starter-aop\2.1.8.RELEASE\spring-boot-starter-aop-2.1.8.RELEASE.jar;D:\m2repos\org\springframework\spring-aop\5.1.9.RELEASE\spring-aop-5.1.9.RELEASE.jar;D:\m2repos\org\springframework\cloud\spring-cloud-netflix-ribbon\2.1.3.RELEASE\spring-cloud-netflix-ribbon-2.1.3.RELEASE.jar;D:\m2repos\org\springframework\cloud\spring-cloud-netflix-archaius\2.1.3.RELEASE\spring-cloud-netflix-archaius-2.1.3.RELEASE.jar;D:\m2repos\org\springframework\cloud\spring-cloud-starter-netflix-archaius\2.1.3.RELEASE\spring-cloud-starter-netflix-archaius-2.1.3.RELEASE.jar;D:\m2repos\com\netflix\archaius\archaius-core\0.7.6\archaius-core-0.7.6.jar;D:\m2repos\com\google\code\findbugs\jsr305\3.0.1\jsr305-3.0.1.jar;D:\m2repos\commons-configuration\commons-configuration\1.8\commons-configuration-1.8.jar;D:\m2repos\commons-lang\commons-lang\2.6\commons-lang-2.6.jar;D:\m2repos\com\netflix\hystrix\hystrix-core\1.5.18\hystrix-core-1.5.18.jar;D:\m2repos\org\slf4j\slf4j-api\1.7.28\slf4j-api-1.7.28.jar;D:\m2repos\io\reactivex\rxjava\1.3.8\rxjava-1.3.8.jar;D:\m2repos\org\hdrhistogram\HdrHistogram\2.1.9\HdrHistogram-2.1.9.jar;D:\m2repos\com\netflix\hystrix\hystrix-serialization\1.5.18\hystrix-serialization-1.5.18.jar;D:\m2repos\com\fasterxml\jackson\module\jackson-module-afterburner\2.9.9\jackson-module-afterburner-2.9.9.jar;D:\m2repos\com\fasterxml\jackson\core\jackson-core\2.9.9\jackson-core-2.9.9.jar;D:\m2repos\com\fasterxml\jackson\core\jackson-databind\2.9.9.3\jackson-databind-2.9.9.3.jar;D:\m2repos\com\fasterxml\jackson\core\jackson-annotations\2.9.0\jackson-annotations-2.9.0.jar;D:\m2repos\com\netflix\hystrix\hystrix-metrics-event-stream\1.5.18\hystrix-metrics-event-stream-1.5.18.jar;D:\m2repos\com\netflix\hystrix\hystrix-javanica\1.5.18\hystrix-javanica-1.5.18.jar;D:\m2repos\org\apache\commons\commons-lang3\3.8.1\commons-lang3-3.8.1.jar;D:\m2repos\org\ow2\asm\asm\5.0.4\asm-5.0.4.jar;D:\m2repos\org\aspectj\aspectjweaver\1.9.4\aspectjweaver-1.9.4.jar;D:\m2repos\com\google\guava\guava\15.0\guava-15.0.jar;D:\m2repos\io\reactivex\rxjava-reactive-streams\1.2.1\rxjava-reactive-streams-1.2.1.jar;D:\m2repos\org\reactivestreams\reactive-streams\1.0.3\reactive-streams-1.0.3.jar;D:\m2repos\org\springframework\cloud\spring-cloud-starter-contract-stub-runner\2.1.3.RELEASE\spring-cloud-starter-contract-stub-runner-2.1.3.RELEASE.jar;D:\m2repos\org\springframework\cloud\spring-cloud-contract-stub-runner\2.1.3.RELEASE\spring-cloud-contract-stub-runner-2.1.3.RELEASE.jar;D:\m2repos\org\springframework\cloud\spring-cloud-contract-verifier\2.1.3.RELEASE\spring-cloud-contract-verifier-2.1.3.RELEASE.jar;D:\m2repos\javax\inject\javax.inject\1\javax.inject-1.jar;D:\m2repos\com\toomuchcoding\jsonassert\jsonassert\0.4.13\jsonassert-0.4.13.jar;D:\m2repos\com\rackspace\eclipse\webtools\sourceediting\org.eclipse.wst.xml.xpath2.processor\2.1.100\org.eclipse.wst.xml.xpath2.processor-2.1.100.jar;D:\m2repos\edu\princeton\cup\java-cup\10k\java-cup-10k.jar;D:\m2repos\com\ibm\icu\icu4j\4.6\icu4j-4.6.jar;D:\m2repos\org\codehaus\groovy\groovy\2.5.8\groovy-2.5.8.jar;D:\m2repos\org\codehaus\groovy\groovy-nio\2.5.8\groovy-nio-2.5.8.jar;D:\m2repos\org\codehaus\groovy\groovy-json\2.5.8\groovy-json-2.5.8.jar;D:\m2repos\org\codehaus\groovy\groovy-xml\2.5.8\groovy-xml-2.5.8.jar;D:\m2repos\com\github\jknack\handlebars\4.1.2\handlebars-4.1.2.jar;D:\m2repos\commons-beanutils\commons-beanutils\1.9.4\commons-beanutils-1.9.4.jar;D:\m2repos\commons-logging\commons-logging\1.2\commons-logging-1.2.jar;D:\m2repos\commons-collections\commons-collections\3.2.2\commons-collections-3.2.2.jar;D:\m2repos\com\fasterxml\jackson\dataformat\jackson-dataformat-yaml\2.9.9\jackson-dataformat-yaml-2.9.9.jar;D:\m2repos\org\springframework\cloud\spring-cloud-contract-shade\2.1.3.RELEASE\spring-cloud-contract-shade-2.1.3.RELEASE.jar;D:\m2repos\org\springframework\cloud\spring-cloud-contract-spec\2.1.3.RELEASE\spring-cloud-contract-spec-2.1.3.RELEASE.jar;D:\m2repos\dk\brics\automaton\automaton\1.11-8\automaton-1.11-8.jar;D:\m2repos\org\apache\commons\commons-text\1.6\commons-text-1.6.jar;D:\m2repos\org\eclipse\jgit\org.eclipse.jgit\5.1.3.201810200350-r\org.eclipse.jgit-5.1.3.201810200350-r.jar;D:\m2repos\com\jcraft\jsch\0.1.54\jsch-0.1.54.jar;D:\m2repos\com\jcraft\jzlib\1.1.1\jzlib-1.1.1.jar;D:\m2repos\com\googlecode\javaewah\JavaEWAH\1.1.6\JavaEWAH-1.1.6.jar;D:\m2repos\com\jcraft\jsch.agentproxy.sshagent\0.0.9\jsch.agentproxy.sshagent-0.0.9.jar;D:\m2repos\com\jcraft\jsch.agentproxy.core\0.0.9\jsch.agentproxy.core-0.0.9.jar;D:\m2repos\com\jcraft\jsch.agentproxy.jsch\0.0.9\jsch.agentproxy.jsch-0.0.9.jar;D:\m2repos\com\jcraft\jsch.agentproxy.usocket-jna\0.0.9\jsch.agentproxy.usocket-jna-0.0.9.jar;D:\m2repos\net\java\dev\jna\jna\4.5.2\jna-4.5.2.jar;D:\m2repos\net\java\dev\jna\jna-platform\4.5.2\jna-platform-4.5.2.jar;D:\m2repos\org\springframework\cloud\spring-cloud-contract-wiremock\2.1.3.RELEASE\spring-cloud-contract-wiremock-2.1.3.RELEASE.jar;D:\m2repos\com\github\tomakehurst\wiremock-standalone\2.20.0\wiremock-standalone-2.20.0.jar;D:\m2repos\org\apache\httpcomponents\httpclient\4.5.9\httpclient-4.5.9.jar;D:\m2repos\org\apache\httpcomponents\httpcore\4.4.12\httpcore-4.4.12.jar;D:\m2repos\commons-codec\commons-codec\1.11\commons-codec-1.11.jar;D:\m2repos\org\eclipse\aether\aether-api\1.1.0\aether-api-1.1.0.jar;D:\m2repos\org\springframework\boot\spring-boot-starter-test\2.1.8.RELEASE\spring-boot-starter-test-2.1.8.RELEASE.jar;D:\m2repos\org\springframework\boot\spring-boot-starter\2.1.8.RELEASE\spring-boot-starter-2.1.8.RELEASE.jar;D:\m2repos\org\springframework\boot\spring-boot\2.1.8.RELEASE\spring-boot-2.1.8.RELEASE.jar;D:\m2repos\org\springframework\boot\spring-boot-starter-logging\2.1.8.RELEASE\spring-boot-starter-logging-2.1.8.RELEASE.jar;D:\m2repos\ch\qos\logback\logback-classic\1.2.3\logback-classic-1.2.3.jar;D:\m2repos\ch\qos\logback\logback-core\1.2.3\logback-core-1.2.3.jar;D:\m2repos\org\apache\logging\log4j\log4j-to-slf4j\2.11.2\log4j-to-slf4j-2.11.2.jar;D:\m2repos\org\apache\logging\log4j\log4j-api\2.11.2\log4j-api-2.11.2.jar;D:\m2repos\org\slf4j\jul-to-slf4j\1.7.28\jul-to-slf4j-1.7.28.jar;D:\m2repos\javax\annotation\javax.annotation-api\1.3.2\javax.annotation-api-1.3.2.jar;D:\m2repos\org\yaml\snakeyaml\1.23\snakeyaml-1.23.jar;D:\m2repos\org\springframework\boot\spring-boot-test\2.1.8.RELEASE\spring-boot-test-2.1.8.RELEASE.jar;D:\m2repos\org\springframework\boot\spring-boot-test-autoconfigure\2.1.8.RELEASE\spring-boot-test-autoconfigure-2.1.8.RELEASE.jar;D:\m2repos\com\jayway\jsonpath\json-path\2.4.0\json-path-2.4.0.jar;D:\m2repos\net\minidev\json-smart\2.3\json-smart-2.3.jar;D:\m2repos\net\minidev\accessors-smart\1.2\accessors-smart-1.2.jar;D:\m2repos\junit\junit\4.12\junit-4.12.jar;D:\m2repos\org\assertj\assertj-core\3.11.1\assertj-core-3.11.1.jar;D:\m2repos\org\mockito\mockito-core\2.23.4\mockito-core-2.23.4.jar;D:\m2repos\net\bytebuddy\byte-buddy\1.9.16\byte-buddy-1.9.16.jar;D:\m2repos\net\bytebuddy\byte-buddy-agent\1.9.16\byte-buddy-agent-1.9.16.jar;D:\m2repos\org\objenesis\objenesis\2.6\objenesis-2.6.jar;D:\m2repos\org\hamcrest\hamcrest-core\1.3\hamcrest-core-1.3.jar;D:\m2repos\org\hamcrest\hamcrest-library\1.3\hamcrest-library-1.3.jar;D:\m2repos\org\skyscreamer\jsonassert\1.5.0\jsonassert-1.5.0.jar;D:\m2repos\com\vaadin\external\google\android-json\0.0.20131108.vaadin1\android-json-0.0.20131108.vaadin1.jar;D:\m2repos\org\springframework\spring-core\5.1.9.RELEASE\spring-core-5.1.9.RELEASE.jar;D:\m2repos\org\springframework\spring-jcl\5.1.9.RELEASE\spring-jcl-5.1.9.RELEASE.jar;D:\m2repos\org\springframework\spring-test\5.1.9.RELEASE\spring-test-5.1.9.RELEASE.jar;D:\m2repos\org\xmlunit\xmlunit-core\2.6.3\xmlunit-core-2.6.3.jar;D:\m2repos\org\springframework\boot\spring-boot-starter-actuator\2.1.8.RELEASE\spring-boot-starter-actuator-2.1.8.RELEASE.jar;D:\m2repos\org\springframework\boot\spring-boot-actuator-autoconfigure\2.1.8.RELEASE\spring-boot-actuator-autoconfigure-2.1.8.RELEASE.jar;D:\m2repos\org\springframework\boot\spring-boot-actuator\2.1.8.RELEASE\spring-boot-actuator-2.1.8.RELEASE.jar;D:\m2repos\org\springframework\spring-context\5.1.9.RELEASE\spring-context-5.1.9.RELEASE.jar;D:\m2repos\org\springframework\spring-expression\5.1.9.RELEASE\spring-expression-5.1.9.RELEASE.jar;D:\m2repos\com\fasterxml\jackson\datatype\jackson-datatype-jsr310\2.9.9\jackson-datatype-jsr310-2.9.9.jar;D:\m2repos\io\micrometer\micrometer-core\1.1.6\micrometer-core-1.1.6.jar;D:\m2repos\org\latencyutils\LatencyUtils\2.0.3\LatencyUtils-2.0.3.jar;"/>
    <property name="java.vm.vendor" value="Oracle Corporation"/>
    <property name="sun.arch.data.model" value="64"/>
    <property name="user.variant" value=""/>
    <property name="java.vendor.url" value="http://java.oracle.com/"/>
    <property name="user.timezone" value="Asia/Shanghai"/>
    <property name="java.vm.specification.version" value="1.8"/>
    <property name="os.name" value="Windows 10"/>
    <property name="user.country" value="CN"/>
    <property name="sun.java.launcher" value="SUN_STANDARD"/>
    <property name="sun.boot.library.path" value="C:\Program Files\Java\jdk1.8.0_111\jre\bin"/>
    <property name="sun.java.command" value="C:\Users\SeanYe\AppData\Local\Temp\surefire5764167727247384123\surefirebooter441815944113158107.jar C:\Users\SeanYe\AppData\Local\Temp\surefire5764167727247384123 2020-01-03T11-20-06_154-jvmRun1 surefire3393386202143955170tmp surefire_04489788634356116351tmp"/>
    <property name="surefire.test.class.path" value="D:\eclipse-workspace\apigateway-parent\apidispatcher.apigateway.platenogroup.com\target\test-classes;D:\eclipse-workspace\apigateway-parent\apidispatcher.apigateway.platenogroup.com\target\classes;D:\m2repos\org\springframework\cloud\spring-cloud-starter-gateway\2.1.3.RELEASE\spring-cloud-starter-gateway-2.1.3.RELEASE.jar;D:\m2repos\org\springframework\cloud\spring-cloud-starter\2.1.3.RELEASE\spring-cloud-starter-2.1.3.RELEASE.jar;D:\m2repos\org\springframework\cloud\spring-cloud-context\2.1.3.RELEASE\spring-cloud-context-2.1.3.RELEASE.jar;D:\m2repos\org\springframework\security\spring-security-crypto\5.1.6.RELEASE\spring-security-crypto-5.1.6.RELEASE.jar;D:\m2repos\org\springframework\cloud\spring-cloud-commons\2.1.3.RELEASE\spring-cloud-commons-2.1.3.RELEASE.jar;D:\m2repos\org\springframework\security\spring-security-rsa\1.0.7.RELEASE\spring-security-rsa-1.0.7.RELEASE.jar;D:\m2repos\org\bouncycastle\bcpkix-jdk15on\1.60\bcpkix-jdk15on-1.60.jar;D:\m2repos\org\bouncycastle\bcprov-jdk15on\1.60\bcprov-jdk15on-1.60.jar;D:\m2repos\org\springframework\cloud\spring-cloud-gateway-core\2.1.3.RELEASE\spring-cloud-gateway-core-2.1.3.RELEASE.jar;D:\m2repos\io\projectreactor\addons\reactor-extra\3.2.3.RELEASE\reactor-extra-3.2.3.RELEASE.jar;D:\m2repos\io\projectreactor\reactor-core\3.2.12.RELEASE\reactor-core-3.2.12.RELEASE.jar;D:\m2repos\org\springframework\boot\spring-boot-starter-webflux\2.1.8.RELEASE\spring-boot-starter-webflux-2.1.8.RELEASE.jar;D:\m2repos\org\springframework\boot\spring-boot-starter-json\2.1.8.RELEASE\spring-boot-starter-json-2.1.8.RELEASE.jar;D:\m2repos\com\fasterxml\jackson\datatype\jackson-datatype-jdk8\2.9.9\jackson-datatype-jdk8-2.9.9.jar;D:\m2repos\com\fasterxml\jackson\module\jackson-module-parameter-names\2.9.9\jackson-module-parameter-names-2.9.9.jar;D:\m2repos\org\springframework\boot\spring-boot-starter-reactor-netty\2.1.8.RELEASE\spring-boot-starter-reactor-netty-2.1.8.RELEASE.jar;D:\m2repos\io\projectreactor\netty\reactor-netty\0.8.11.RELEASE\reactor-netty-0.8.11.RELEASE.jar;D:\m2repos\io\netty\netty-codec-http\4.1.39.Final\netty-codec-http-4.1.39.Final.jar;D:\m2repos\io\netty\netty-common\4.1.39.Final\netty-common-4.1.39.Final.jar;D:\m2repos\io\netty\netty-buffer\4.1.39.Final\netty-buffer-4.1.39.Final.jar;D:\m2repos\io\netty\netty-transport\4.1.39.Final\netty-transport-4.1.39.Final.jar;D:\m2repos\io\netty\netty-resolver\4.1.39.Final\netty-resolver-4.1.39.Final.jar;D:\m2repos\io\netty\netty-codec\4.1.39.Final\netty-codec-4.1.39.Final.jar;D:\m2repos\io\netty\netty-codec-http2\4.1.39.Final\netty-codec-http2-4.1.39.Final.jar;D:\m2repos\io\netty\netty-handler\4.1.39.Final\netty-handler-4.1.39.Final.jar;D:\m2repos\io\netty\netty-handler-proxy\4.1.39.Final\netty-handler-proxy-4.1.39.Final.jar;D:\m2repos\io\netty\netty-codec-socks\4.1.39.Final\netty-codec-socks-4.1.39.Final.jar;D:\m2repos\io\netty\netty-transport-native-epoll\4.1.39.Final\netty-transport-native-epoll-4.1.39.Final-linux-x86_64.jar;D:\m2repos\io\netty\netty-transport-native-unix-common\4.1.39.Final\netty-transport-native-unix-common-4.1.39.Final.jar;D:\m2repos\org\glassfish\javax.el\3.0.0\javax.el-3.0.0.jar;D:\m2repos\org\hibernate\validator\hibernate-validator\6.0.17.Final\hibernate-validator-6.0.17.Final.jar;D:\m2repos\javax\validation\validation-api\2.0.1.Final\validation-api-2.0.1.Final.jar;D:\m2repos\org\jboss\logging\jboss-logging\3.3.3.Final\jboss-logging-3.3.3.Final.jar;D:\m2repos\com\fasterxml\classmate\1.4.0\classmate-1.4.0.jar;D:\m2repos\org\springframework\spring-web\5.1.9.RELEASE\spring-web-5.1.9.RELEASE.jar;D:\m2repos\org\springframework\spring-beans\5.1.9.RELEASE\spring-beans-5.1.9.RELEASE.jar;D:\m2repos\org\springframework\spring-webflux\5.1.9.RELEASE\spring-webflux-5.1.9.RELEASE.jar;D:\m2repos\org\synchronoss\cloud\nio-multipart-parser\1.1.0\nio-multipart-parser-1.1.0.jar;D:\m2repos\org\synchronoss\cloud\nio-stream-storage\1.1.3\nio-stream-storage-1.1.3.jar;D:\m2repos\org\springframework\cloud\spring-cloud-starter-netflix-hystrix\2.1.3.RELEASE\spring-cloud-starter-netflix-hystrix-2.1.3.RELEASE.jar;D:\m2repos\org\springframework\cloud\spring-cloud-netflix-hystrix\2.1.3.RELEASE\spring-cloud-netflix-hystrix-2.1.3.RELEASE.jar;D:\m2repos\org\springframework\boot\spring-boot-autoconfigure\2.1.8.RELEASE\spring-boot-autoconfigure-2.1.8.RELEASE.jar;D:\m2repos\org\springframework\boot\spring-boot-starter-aop\2.1.8.RELEASE\spring-boot-starter-aop-2.1.8.RELEASE.jar;D:\m2repos\org\springframework\spring-aop\5.1.9.RELEASE\spring-aop-5.1.9.RELEASE.jar;D:\m2repos\org\springframework\cloud\spring-cloud-netflix-ribbon\2.1.3.RELEASE\spring-cloud-netflix-ribbon-2.1.3.RELEASE.jar;D:\m2repos\org\springframework\cloud\spring-cloud-netflix-archaius\2.1.3.RELEASE\spring-cloud-netflix-archaius-2.1.3.RELEASE.jar;D:\m2repos\org\springframework\cloud\spring-cloud-starter-netflix-archaius\2.1.3.RELEASE\spring-cloud-starter-netflix-archaius-2.1.3.RELEASE.jar;D:\m2repos\com\netflix\archaius\archaius-core\0.7.6\archaius-core-0.7.6.jar;D:\m2repos\com\google\code\findbugs\jsr305\3.0.1\jsr305-3.0.1.jar;D:\m2repos\commons-configuration\commons-configuration\1.8\commons-configuration-1.8.jar;D:\m2repos\commons-lang\commons-lang\2.6\commons-lang-2.6.jar;D:\m2repos\com\netflix\hystrix\hystrix-core\1.5.18\hystrix-core-1.5.18.jar;D:\m2repos\org\slf4j\slf4j-api\1.7.28\slf4j-api-1.7.28.jar;D:\m2repos\io\reactivex\rxjava\1.3.8\rxjava-1.3.8.jar;D:\m2repos\org\hdrhistogram\HdrHistogram\2.1.9\HdrHistogram-2.1.9.jar;D:\m2repos\com\netflix\hystrix\hystrix-serialization\1.5.18\hystrix-serialization-1.5.18.jar;D:\m2repos\com\fasterxml\jackson\module\jackson-module-afterburner\2.9.9\jackson-module-afterburner-2.9.9.jar;D:\m2repos\com\fasterxml\jackson\core\jackson-core\2.9.9\jackson-core-2.9.9.jar;D:\m2repos\com\fasterxml\jackson\core\jackson-databind\2.9.9.3\jackson-databind-2.9.9.3.jar;D:\m2repos\com\fasterxml\jackson\core\jackson-annotations\2.9.0\jackson-annotations-2.9.0.jar;D:\m2repos\com\netflix\hystrix\hystrix-metrics-event-stream\1.5.18\hystrix-metrics-event-stream-1.5.18.jar;D:\m2repos\com\netflix\hystrix\hystrix-javanica\1.5.18\hystrix-javanica-1.5.18.jar;D:\m2repos\org\apache\commons\commons-lang3\3.8.1\commons-lang3-3.8.1.jar;D:\m2repos\org\ow2\asm\asm\5.0.4\asm-5.0.4.jar;D:\m2repos\org\aspectj\aspectjweaver\1.9.4\aspectjweaver-1.9.4.jar;D:\m2repos\com\google\guava\guava\15.0\guava-15.0.jar;D:\m2repos\io\reactivex\rxjava-reactive-streams\1.2.1\rxjava-reactive-streams-1.2.1.jar;D:\m2repos\org\reactivestreams\reactive-streams\1.0.3\reactive-streams-1.0.3.jar;D:\m2repos\org\springframework\cloud\spring-cloud-starter-contract-stub-runner\2.1.3.RELEASE\spring-cloud-starter-contract-stub-runner-2.1.3.RELEASE.jar;D:\m2repos\org\springframework\cloud\spring-cloud-contract-stub-runner\2.1.3.RELEASE\spring-cloud-contract-stub-runner-2.1.3.RELEASE.jar;D:\m2repos\org\springframework\cloud\spring-cloud-contract-verifier\2.1.3.RELEASE\spring-cloud-contract-verifier-2.1.3.RELEASE.jar;D:\m2repos\javax\inject\javax.inject\1\javax.inject-1.jar;D:\m2repos\com\toomuchcoding\jsonassert\jsonassert\0.4.13\jsonassert-0.4.13.jar;D:\m2repos\com\rackspace\eclipse\webtools\sourceediting\org.eclipse.wst.xml.xpath2.processor\2.1.100\org.eclipse.wst.xml.xpath2.processor-2.1.100.jar;D:\m2repos\edu\princeton\cup\java-cup\10k\java-cup-10k.jar;D:\m2repos\com\ibm\icu\icu4j\4.6\icu4j-4.6.jar;D:\m2repos\org\codehaus\groovy\groovy\2.5.8\groovy-2.5.8.jar;D:\m2repos\org\codehaus\groovy\groovy-nio\2.5.8\groovy-nio-2.5.8.jar;D:\m2repos\org\codehaus\groovy\groovy-json\2.5.8\groovy-json-2.5.8.jar;D:\m2repos\org\codehaus\groovy\groovy-xml\2.5.8\groovy-xml-2.5.8.jar;D:\m2repos\com\github\jknack\handlebars\4.1.2\handlebars-4.1.2.jar;D:\m2repos\commons-beanutils\commons-beanutils\1.9.4\commons-beanutils-1.9.4.jar;D:\m2repos\commons-logging\commons-logging\1.2\commons-logging-1.2.jar;D:\m2repos\commons-collections\commons-collections\3.2.2\commons-collections-3.2.2.jar;D:\m2repos\com\fasterxml\jackson\dataformat\jackson-dataformat-yaml\2.9.9\jackson-dataformat-yaml-2.9.9.jar;D:\m2repos\org\springframework\cloud\spring-cloud-contract-shade\2.1.3.RELEASE\spring-cloud-contract-shade-2.1.3.RELEASE.jar;D:\m2repos\org\springframework\cloud\spring-cloud-contract-spec\2.1.3.RELEASE\spring-cloud-contract-spec-2.1.3.RELEASE.jar;D:\m2repos\dk\brics\automaton\automaton\1.11-8\automaton-1.11-8.jar;D:\m2repos\org\apache\commons\commons-text\1.6\commons-text-1.6.jar;D:\m2repos\org\eclipse\jgit\org.eclipse.jgit\5.1.3.201810200350-r\org.eclipse.jgit-5.1.3.201810200350-r.jar;D:\m2repos\com\jcraft\jsch\0.1.54\jsch-0.1.54.jar;D:\m2repos\com\jcraft\jzlib\1.1.1\jzlib-1.1.1.jar;D:\m2repos\com\googlecode\javaewah\JavaEWAH\1.1.6\JavaEWAH-1.1.6.jar;D:\m2repos\com\jcraft\jsch.agentproxy.sshagent\0.0.9\jsch.agentproxy.sshagent-0.0.9.jar;D:\m2repos\com\jcraft\jsch.agentproxy.core\0.0.9\jsch.agentproxy.core-0.0.9.jar;D:\m2repos\com\jcraft\jsch.agentproxy.jsch\0.0.9\jsch.agentproxy.jsch-0.0.9.jar;D:\m2repos\com\jcraft\jsch.agentproxy.usocket-jna\0.0.9\jsch.agentproxy.usocket-jna-0.0.9.jar;D:\m2repos\net\java\dev\jna\jna\4.5.2\jna-4.5.2.jar;D:\m2repos\net\java\dev\jna\jna-platform\4.5.2\jna-platform-4.5.2.jar;D:\m2repos\org\springframework\cloud\spring-cloud-contract-wiremock\2.1.3.RELEASE\spring-cloud-contract-wiremock-2.1.3.RELEASE.jar;D:\m2repos\com\github\tomakehurst\wiremock-standalone\2.20.0\wiremock-standalone-2.20.0.jar;D:\m2repos\org\apache\httpcomponents\httpclient\4.5.9\httpclient-4.5.9.jar;D:\m2repos\org\apache\httpcomponents\httpcore\4.4.12\httpcore-4.4.12.jar;D:\m2repos\commons-codec\commons-codec\1.11\commons-codec-1.11.jar;D:\m2repos\org\eclipse\aether\aether-api\1.1.0\aether-api-1.1.0.jar;D:\m2repos\org\springframework\boot\spring-boot-starter-test\2.1.8.RELEASE\spring-boot-starter-test-2.1.8.RELEASE.jar;D:\m2repos\org\springframework\boot\spring-boot-starter\2.1.8.RELEASE\spring-boot-starter-2.1.8.RELEASE.jar;D:\m2repos\org\springframework\boot\spring-boot\2.1.8.RELEASE\spring-boot-2.1.8.RELEASE.jar;D:\m2repos\org\springframework\boot\spring-boot-starter-logging\2.1.8.RELEASE\spring-boot-starter-logging-2.1.8.RELEASE.jar;D:\m2repos\ch\qos\logback\logback-classic\1.2.3\logback-classic-1.2.3.jar;D:\m2repos\ch\qos\logback\logback-core\1.2.3\logback-core-1.2.3.jar;D:\m2repos\org\apache\logging\log4j\log4j-to-slf4j\2.11.2\log4j-to-slf4j-2.11.2.jar;D:\m2repos\org\apache\logging\log4j\log4j-api\2.11.2\log4j-api-2.11.2.jar;D:\m2repos\org\slf4j\jul-to-slf4j\1.7.28\jul-to-slf4j-1.7.28.jar;D:\m2repos\javax\annotation\javax.annotation-api\1.3.2\javax.annotation-api-1.3.2.jar;D:\m2repos\org\yaml\snakeyaml\1.23\snakeyaml-1.23.jar;D:\m2repos\org\springframework\boot\spring-boot-test\2.1.8.RELEASE\spring-boot-test-2.1.8.RELEASE.jar;D:\m2repos\org\springframework\boot\spring-boot-test-autoconfigure\2.1.8.RELEASE\spring-boot-test-autoconfigure-2.1.8.RELEASE.jar;D:\m2repos\com\jayway\jsonpath\json-path\2.4.0\json-path-2.4.0.jar;D:\m2repos\net\minidev\json-smart\2.3\json-smart-2.3.jar;D:\m2repos\net\minidev\accessors-smart\1.2\accessors-smart-1.2.jar;D:\m2repos\junit\junit\4.12\junit-4.12.jar;D:\m2repos\org\assertj\assertj-core\3.11.1\assertj-core-3.11.1.jar;D:\m2repos\org\mockito\mockito-core\2.23.4\mockito-core-2.23.4.jar;D:\m2repos\net\bytebuddy\byte-buddy\1.9.16\byte-buddy-1.9.16.jar;D:\m2repos\net\bytebuddy\byte-buddy-agent\1.9.16\byte-buddy-agent-1.9.16.jar;D:\m2repos\org\objenesis\objenesis\2.6\objenesis-2.6.jar;D:\m2repos\org\hamcrest\hamcrest-core\1.3\hamcrest-core-1.3.jar;D:\m2repos\org\hamcrest\hamcrest-library\1.3\hamcrest-library-1.3.jar;D:\m2repos\org\skyscreamer\jsonassert\1.5.0\jsonassert-1.5.0.jar;D:\m2repos\com\vaadin\external\google\android-json\0.0.20131108.vaadin1\android-json-0.0.20131108.vaadin1.jar;D:\m2repos\org\springframework\spring-core\5.1.9.RELEASE\spring-core-5.1.9.RELEASE.jar;D:\m2repos\org\springframework\spring-jcl\5.1.9.RELEASE\spring-jcl-5.1.9.RELEASE.jar;D:\m2repos\org\springframework\spring-test\5.1.9.RELEASE\spring-test-5.1.9.RELEASE.jar;D:\m2repos\org\xmlunit\xmlunit-core\2.6.3\xmlunit-core-2.6.3.jar;D:\m2repos\org\springframework\boot\spring-boot-starter-actuator\2.1.8.RELEASE\spring-boot-starter-actuator-2.1.8.RELEASE.jar;D:\m2repos\org\springframework\boot\spring-boot-actuator-autoconfigure\2.1.8.RELEASE\spring-boot-actuator-autoconfigure-2.1.8.RELEASE.jar;D:\m2repos\org\springframework\boot\spring-boot-actuator\2.1.8.RELEASE\spring-boot-actuator-2.1.8.RELEASE.jar;D:\m2repos\org\springframework\spring-context\5.1.9.RELEASE\spring-context-5.1.9.RELEASE.jar;D:\m2repos\org\springframework\spring-expression\5.1.9.RELEASE\spring-expression-5.1.9.RELEASE.jar;D:\m2repos\com\fasterxml\jackson\datatype\jackson-datatype-jsr310\2.9.9\jackson-datatype-jsr310-2.9.9.jar;D:\m2repos\io\micrometer\micrometer-core\1.1.6\micrometer-core-1.1.6.jar;D:\m2repos\org\latencyutils\LatencyUtils\2.0.3\LatencyUtils-2.0.3.jar;"/>
    <property name="sun.cpu.endian" value="little"/>
    <property name="user.home" value="C:\Users\SeanYe"/>
    <property name="user.language" value="zh"/>
    <property name="java.specification.vendor" value="Oracle Corporation"/>
    <property name="java.home" value="C:\Program Files\Java\jdk1.8.0_111\jre"/>
    <property name="basedir" value="D:\eclipse-workspace\apigateway-parent\apidispatcher.apigateway.platenogroup.com"/>
    <property name="file.separator" value="\"/>
    <property name="line.separator" value="&#10;"/>
    <property name="java.vm.specification.vendor" value="Oracle Corporation"/>
    <property name="java.specification.name" value="Java Platform API Specification"/>
    <property name="java.awt.graphicsenv" value="sun.awt.Win32GraphicsEnvironment"/>
    <property name="surefire.real.class.path" value="C:\Users\SeanYe\AppData\Local\Temp\surefire5764167727247384123\surefirebooter441815944113158107.jar"/>
    <property name="sun.boot.class.path" value="C:\Program Files\Java\jdk1.8.0_111\jre\lib\resources.jar;C:\Program Files\Java\jdk1.8.0_111\jre\lib\rt.jar;C:\Program Files\Java\jdk1.8.0_111\jre\lib\sunrsasign.jar;C:\Program Files\Java\jdk1.8.0_111\jre\lib\jsse.jar;C:\Program Files\Java\jdk1.8.0_111\jre\lib\jce.jar;C:\Program Files\Java\jdk1.8.0_111\jre\lib\charsets.jar;C:\Program Files\Java\jdk1.8.0_111\jre\lib\jfr.jar;C:\Program Files\Java\jdk1.8.0_111\jre\classes"/>
    <property name="user.script" value=""/>
    <property name="sun.management.compiler" value="HotSpot 64-Bit Tiered Compilers"/>
    <property name="java.runtime.version" value="1.8.0_111-b14"/>
    <property name="user.name" value="SeanYe"/>
    <property name="path.separator" value=";"/>
    <property name="os.version" value="10.0"/>
    <property name="java.endorsed.dirs" value="C:\Program Files\Java\jdk1.8.0_111\jre\lib\endorsed"/>
    <property name="java.runtime.name" value="Java(TM) SE Runtime Environment"/>
    <property name="file.encoding" value="GBK"/>
    <property name="java.vm.name" value="Java HotSpot(TM) 64-Bit Server VM"/>
    <property name="localRepository" value="D:\m2repos"/>
    <property name="java.vendor.url.bug" value="http://bugreport.sun.com/bugreport/"/>
    <property name="java.io.tmpdir" value="C:\Users\SeanYe\AppData\Local\Temp\"/>
    <property name="java.version" value="1.8.0_111"/>
    <property name="user.dir" value="D:\eclipse-workspace\apigateway-parent\apidispatcher.apigateway.platenogroup.com"/>
    <property name="os.arch" value="amd64"/>
    <property name="java.vm.specification.name" value="Java Virtual Machine Specification"/>
    <property name="java.awt.printerjob" value="sun.awt.windows.WPrinterJob"/>
    <property name="sun.os.patch.level" value=""/>
    <property name="java.library.path" value="C:\Program Files\Java\jdk1.8.0_111\jre\bin;C:\WINDOWS\Sun\Java\bin;C:\WINDOWS\system32;C:\WINDOWS;D:\oracle\product\11.2.0\client_1\bin;D:\dev\apache-ant-1.10.1\bin;C:\Program Files\Java\jdk1.8.0_111\bin;D:\dev\apache-maven-3.5.0-bin\apache-maven-3.5.0\bin;C:\ProgramData\Oracle\Java\javapath;C:\WINDOWS\system32;C:\WINDOWS;C:\WINDOWS\System32\Wbem;C:\WINDOWS\System32\WindowsPowerShell\v1.0\;C:\Program Files\Git\cmd;C:\Program Files\Intel\WiFi\bin\;C:\Program Files\Common Files\Intel\WirelessCommon\;C:\Program Files\TortoiseSVN\bin;C:\WINDOWS\System32\OpenSSH\;C:\Program Files\nodejs\;C:\ProgramData\chocolatey\bin;C:\Users\SeanYe\AppData\Local\Microsoft\WindowsApps;C:\Users\SeanYe\AppData\Local\Microsoft\WindowsApps;C:\Program Files\Intel\WiFi\bin\;C:\Program Files\Common Files\Intel\WirelessCommon\;C:\Users\SeanYe\AppData\Roaming\npm;C:\Program Files\JetBrains\PhpStorm 2019.2.4\bin;;C:\xampp\php;;."/>
    <property name="java.vm.info" value="mixed mode"/>
    <property name="java.vendor" value="Oracle Corporation"/>
    <property name="java.vm.version" value="25.111-b14"/>
    <property name="java.ext.dirs" value="C:\Program Files\Java\jdk1.8.0_111\jre\lib\ext;C:\WINDOWS\Sun\Java\lib\ext"/>
    <property name="sun.io.unicode.encoding" value="UnicodeLittle"/>
    <property name="java.class.version" value="52.0"/>
  </properties>
  <testcase name="postHeaderFilter" classname="apidispatcher.apigateway.platenogroup.com.LocalRouterTest" time="1.027"/>
  <testcase name="postHeaderVersionFilter" classname="apidispatcher.apigateway.platenogroup.com.LocalRouterTest" time="0.032"/>
  <testcase name="routeToLocalRequest" classname="apidispatcher.apigateway.platenogroup.com.LocalRouterTest" time="0.015"/>
  <testcase name="requestId" classname="apidispatcher.apigateway.platenogroup.com.LocalRouterTest" time="0.031"/>
</testsuite>